[Cassette: 'reddit_posts'] Initialized with options: {:record=>:new_episodes, :match_requests_on=>[:method, :uri], :allow_unused_http_interactions=>true, :serialize_with=>:yaml, :persist_with=>:file_system}
[webmock] Handling request: [get http://reddit.com/.json] (disabled: false)
  [Cassette: 'reddit_posts'] Initialized HTTPInteractionList with request matchers [:method, :uri] and 2 interaction(s): { [get http://reddit.com/.json] => [302 ""], [get http://www.reddit.com/.json] => [200 "\x1F\x8B\b\x00b\xF0\xEBR\x02\xFF\xED]\x8Ds\xDB6\xB2\xFFW\x10\xBFw\xE7\xF6\xC6\x92H}+7\x99\x8C\xED8\xB1\x9B8Ic7\xB9~\r\a$!\x111I(\x04)E\xEE\xDC\xFF\xFEv\x17$-\xC9\xA2b\xD9\x92\xEF\xFA\xA6\x9D4\x91(\x12X\xEC\xC7o\x17\x8B"] }
  [Cassette: 'reddit_posts'] Checking if [get http://reddit.com/.json] matches [get http://reddit.com/.json] using [:method, :uri]
    [Cassette: 'reddit_posts'] method (matched): current request [get http://reddit.com/.json] vs [get http://reddit.com/.json]
    [Cassette: 'reddit_posts'] uri (matched): current request [get http://reddit.com/.json] vs [get http://reddit.com/.json]
  [Cassette: 'reddit_posts'] Found matching interaction for [get http://reddit.com/.json] at index 0: [302 ""]
[webmock] Identified request type (stubbed_by_vcr) for [get http://reddit.com/.json]
[webmock] Handling request: [get http://www.reddit.com/.json] (disabled: false)
  [Cassette: 'reddit_posts'] Checking if [get http://www.reddit.com/.json] matches [get http://www.reddit.com/.json] using [:method, :uri]
    [Cassette: 'reddit_posts'] method (matched): current request [get http://www.reddit.com/.json] vs [get http://www.reddit.com/.json]
    [Cassette: 'reddit_posts'] uri (matched): current request [get http://www.reddit.com/.json] vs [get http://www.reddit.com/.json]
  [Cassette: 'reddit_posts'] Found matching interaction for [get http://www.reddit.com/.json] at index 0: [200 "\x1F\x8B\b\x00b\xF0\xEBR\x02\xFF\xED]\x8Ds\xDB6\xB2\xFFW\x10\xBFw\xE7\xF6\xC6\x92H}+7\x99\x8C\xED8\xB1\x9B8Ic7\xB9~\r\a$!\x111I(\x04)E\xEE\xDC\xFF\xFEv\x17$-\xC9\xA2b\xD9\x92\xEF\xFA\xA6\x9D4\x91(\x12X\xEC\xC7o\x17\x8B"]
[webmock] Identified request type (stubbed_by_vcr) for [get http://www.reddit.com/.json]
[Cassette: 'reddit_posts'] Initialized with options: {:record=>:new_episodes, :match_requests_on=>[:method, :uri], :allow_unused_http_interactions=>true, :serialize_with=>:yaml, :persist_with=>:file_system}
[webmock] Handling request: [get http://reddit.com/.json] (disabled: false)
  [Cassette: 'reddit_posts'] Initialized HTTPInteractionList with request matchers [:method, :uri] and 2 interaction(s): { [get http://reddit.com/.json] => [302 ""], [get http://www.reddit.com/.json] => [200 "\x1F\x8B\b\x00b\xF0\xEBR\x02\xFF\xED]\x8Ds\xDB6\xB2\xFFW\x10\xBFw\xE7\xF6\xC6\x92H}+7\x99\x8C\xED8\xB1\x9B8Ic7\xB9~\r\a$!\x111I(\x04)E\xEE\xDC\xFF\xFEv\x17$-\xC9\xA2b\xD9\x92\xEF\xFA\xA6\x9D4\x91(\x12X\xEC\xC7o\x17\x8B"] }
  [Cassette: 'reddit_posts'] Checking if [get http://reddit.com/.json] matches [get http://reddit.com/.json] using [:method, :uri]
    [Cassette: 'reddit_posts'] method (matched): current request [get http://reddit.com/.json] vs [get http://reddit.com/.json]
    [Cassette: 'reddit_posts'] uri (matched): current request [get http://reddit.com/.json] vs [get http://reddit.com/.json]
  [Cassette: 'reddit_posts'] Found matching interaction for [get http://reddit.com/.json] at index 0: [302 ""]
[webmock] Identified request type (stubbed_by_vcr) for [get http://reddit.com/.json]
[webmock] Handling request: [get http://www.reddit.com/.json] (disabled: false)
  [Cassette: 'reddit_posts'] Checking if [get http://www.reddit.com/.json] matches [get http://www.reddit.com/.json] using [:method, :uri]
    [Cassette: 'reddit_posts'] method (matched): current request [get http://www.reddit.com/.json] vs [get http://www.reddit.com/.json]
    [Cassette: 'reddit_posts'] uri (matched): current request [get http://www.reddit.com/.json] vs [get http://www.reddit.com/.json]
  [Cassette: 'reddit_posts'] Found matching interaction for [get http://www.reddit.com/.json] at index 0: [200 "\x1F\x8B\b\x00b\xF0\xEBR\x02\xFF\xED]\x8Ds\xDB6\xB2\xFFW\x10\xBFw\xE7\xF6\xC6\x92H}+7\x99\x8C\xED8\xB1\x9B8Ic7\xB9~\r\a$!\x111I(\x04)E\xEE\xDC\xFF\xFEv\x17$-\xC9\xA2b\xD9\x92\xEF\xFA\xA6\x9D4\x91(\x12X\xEC\xC7o\x17\x8B"]
[webmock] Identified request type (stubbed_by_vcr) for [get http://www.reddit.com/.json]
